Using pre-set license
Built from '2021.3/staging' branch; Version is '2021.3.8f1 (b30333d56e81) revision 11731763'; Using compiler version '192829333'; Build Type 'Release'
OS: 'Windows 10  (10.0.19045) 64bit Core' Language: 'en' Physical Memory: 16284 MB
BatchMode: 1, IsHumanControllingUs: 0, StartBugReporterOnCrash: 0, Is64bit: 1, IsPro: 1

COMMAND LINE ARGUMENTS:
D:\Program Files\Unity\Hub\Editor\2021.3.8f1\Editor\Unity.exe
-adb2
-batchMode
-noUpm
-name
AssetImportWorker0
-projectPath
C:/Users/Verdant/Documents/GitHub/mod3-cardgames-EricReynolds63
-logFile
Logs/AssetImportWorker0.log
-srvPort
52634
Successfully changed project path to: C:/Users/Verdant/Documents/GitHub/mod3-cardgames-EricReynolds63
C:/Users/Verdant/Documents/GitHub/mod3-cardgames-EricReynolds63
[UnityMemory] Configuration Parameters - Can be set up in boot.config
    "memorysetup-bucket-allocator-granularity=16"
    "memorysetup-bucket-allocator-bucket-count=8"
    "memorysetup-bucket-allocator-block-size=33554432"
    "memorysetup-bucket-allocator-block-count=8"
    "memorysetup-main-allocator-block-size=16777216"
    "memorysetup-thread-allocator-block-size=16777216"
    "memorysetup-gfx-main-allocator-block-size=16777216"
    "memorysetup-gfx-thread-allocator-block-size=16777216"
    "memorysetup-cache-allocator-block-size=4194304"
    "memorysetup-typetree-allocator-block-size=2097152"
    "memorysetup-profiler-bucket-allocator-granularity=16"
    "memorysetup-profiler-bucket-allocator-bucket-count=8"
    "memorysetup-profiler-bucket-allocator-block-size=33554432"
    "memorysetup-profiler-bucket-allocator-block-count=8"
    "memorysetup-profiler-allocator-block-size=16777216"
    "memorysetup-profiler-editor-allocator-block-size=1048576"
    "memorysetup-temp-allocator-size-main=16777216"
    "memorysetup-job-temp-allocator-block-size=2097152"
    "memorysetup-job-temp-allocator-block-size-background=1048576"
    "memorysetup-job-temp-allocator-reduction-small-platforms=262144"
    "memorysetup-temp-allocator-size-background-worker=32768"
    "memorysetup-temp-allocator-size-job-worker=262144"
    "memorysetup-temp-allocator-size-preload-manager=33554432"
    "memorysetup-temp-allocator-size-nav-mesh-worker=65536"
    "memorysetup-temp-allocator-size-audio-worker=65536"
    "memorysetup-temp-allocator-size-cloud-worker=32768"
    "memorysetup-temp-allocator-size-gi-baking-worker=262144"
    "memorysetup-temp-allocator-size-gfx=262144"
Refreshing native plugins compatible for Editor in 30.63 ms, found 2 plugins.
Preloading 0 native plugins for Editor in 0.00 ms.
Initialize engine version: 2021.3.8f1 (b30333d56e81)
[Subsystems] Discovering subsystems at path D:/Program Files/Unity/Hub/Editor/2021.3.8f1/Editor/Data/Resources/UnitySubsystems
[Subsystems] Discovering subsystems at path C:/Users/Verdant/Documents/GitHub/mod3-cardgames-EricReynolds63/Assets
GfxDevice: creating device client; threaded=0; jobified=0
Direct3D:
    Version:  Direct3D 11.0 [level 11.1]
    Renderer: NVIDIA GeForce GTX 1060 with Max-Q Design (ID=0x1c20)
    Vendor:   NVIDIA
    VRAM:     6052 MB
    Driver:   30.0.14.9676
Initialize mono
Mono path[0] = 'D:/Program Files/Unity/Hub/Editor/2021.3.8f1/Editor/Data/Managed'
Mono path[1] = 'D:/Program Files/Unity/Hub/Editor/2021.3.8f1/Editor/Data/MonoBleedingEdge/lib/mono/unityjit-win32'
Mono config path = 'D:/Program Files/Unity/Hub/Editor/2021.3.8f1/Editor/Data/MonoBleedingEdge/etc'
Using monoOptions --debugger-agent=transport=dt_socket,embedding=1,server=y,suspend=n,address=127.0.0.1:56664
Begin MonoManager ReloadAssembly
Registering precompiled unity dll's ...
Register platform support module: D:/Program Files/Unity/Hub/Editor/2021.3.8f1/Editor/Data/PlaybackEngines/WebGLSupport/UnityEditor.WebGL.Extensions.dll
Register platform support module: D:/Program Files/Unity/Hub/Editor/2021.3.8f1/Editor/Data/PlaybackEngines/WindowsStandaloneSupport/UnityEditor.WindowsStandalone.Extensions.dll
Registered in 0.004697 seconds.
Native extension for WindowsStandalone target not found
Native extension for WebGL target not found
Refreshing native plugins compatible for Editor in 37.55 ms, found 2 plugins.
Preloading 0 native plugins for Editor in 0.00 ms.
Mono: successfully reloaded assembly
- Completed reload, in  0.719 seconds
Domain Reload Profiling:
	ReloadAssembly (719ms)
		BeginReloadAssembly (148ms)
			ExecutionOrderSort (0ms)
			DisableScriptedObjects (0ms)
			BackupInstance (0ms)
			ReleaseScriptingObjects (0ms)
			CreateAndSetChildDomain (1ms)
		EndReloadAssembly (448ms)
			LoadAssemblies (147ms)
			RebuildTransferFunctionScriptingTraits (0ms)
			SetupTypeCache (112ms)
			ReleaseScriptCaches (0ms)
			RebuildScriptCaches (31ms)
			SetupLoadedEditorAssemblies (247ms)
				LogAssemblyErrors (0ms)
				InitializePlatformSupportModulesInManaged (8ms)
				SetLoadedEditorAssemblies (0ms)
				RefreshPlugins (38ms)
				BeforeProcessingInitializeOnLoad (1ms)
				ProcessInitializeOnLoadAttributes (146ms)
				ProcessInitializeOnLoadMethodAttributes (54ms)
				AfterProcessingInitializeOnLoad (0ms)
				EditorAssembliesLoaded (0ms)
			ExecutionOrderSort2 (0ms)
			AwakeInstancesAfterBackupRestoration (0ms)
Platform modules already initialized, skipping
Registering precompiled user dll's ...
Registered in 0.005006 seconds.
Begin MonoManager ReloadAssembly
Native extension for WindowsStandalone target not found
Native extension for WebGL target not found
Refreshing native plugins compatible for Editor in 0.34 ms, found 2 plugins.
Preloading 0 native plugins for Editor in 0.00 ms.
Mono: successfully reloaded assembly
- Completed reload, in  0.977 seconds
Domain Reload Profiling:
	ReloadAssembly (978ms)
		BeginReloadAssembly (140ms)
			ExecutionOrderSort (0ms)
			DisableScriptedObjects (8ms)
			BackupInstance (0ms)
			ReleaseScriptingObjects (0ms)
			CreateAndSetChildDomain (23ms)
		EndReloadAssembly (703ms)
			LoadAssemblies (93ms)
			RebuildTransferFunctionScriptingTraits (0ms)
			SetupTypeCache (204ms)
			ReleaseScriptCaches (0ms)
			RebuildScriptCaches (42ms)
			SetupLoadedEditorAssemblies (333ms)
				LogAssemblyErrors (0ms)
				InitializePlatformSupportModulesInManaged (6ms)
				SetLoadedEditorAssemblies (0ms)
				RefreshPlugins (0ms)
				BeforeProcessingInitializeOnLoad (52ms)
				ProcessInitializeOnLoadAttributes (235ms)
				ProcessInitializeOnLoadMethodAttributes (36ms)
				AfterProcessingInitializeOnLoad (3ms)
				EditorAssembliesLoaded (0ms)
			ExecutionOrderSort2 (0ms)
			AwakeInstancesAfterBackupRestoration (11ms)
Platform modules already initialized, skipping
========================================================================
Worker process is ready to serve import requests
Launched and connected shader compiler UnityShaderCompiler.exe after 0.08 seconds
Refreshing native plugins compatible for Editor in 0.38 ms, found 2 plugins.
Preloading 0 native plugins for Editor in 0.00 ms.
Unloading 1760 Unused Serialized files (Serialized files now loaded: 0)
Unloading 19 unused Assets / (55.3 KB). Loaded Objects now: 2227.
Memory consumption went from 76.6 MB to 76.6 MB.
Total: 3.646400 ms (FindLiveObjects: 0.164500 ms CreateObjectMapping: 0.088600 ms MarkObjects: 3.302500 ms  DeleteObjects: 0.089300 ms)

AssetImportParameters requested are different than current active one (requested -> active):
  custom:video-decoder-ogg-theora: a1e56fd34408186e4bbccfd4996cb3dc -> 
  custom:container-muxer-webm: aa71ff27fc2769a1b78a27578f13a17b -> 
  custom:container-demuxer-webm: 4f35f7cbe854078d1ac9338744f61a02 -> 
  custom:video-encoder-webm-vp8: eb34c28f22e8b96e1ab97ce403110664 -> 
  custom:audio-encoder-webm-vorbis: bf7c407c2cedff20999df2af8eb42d56 -> 
  custom:framework-win-MediaFoundation: 216162199b28c13a410421893ffa2e32 -> 
  custom:container-demuxer-ogg: 62fdf1f143b41e24485cea50d1cbac27 -> 
  custom:video-decoder-webm-vp8: 9c59270c3fd7afecdb556c50c9e8de78 -> 
  custom:audio-decoder-ogg-vorbis: bf7c407c2cedff20999df2af8eb42d56 -> 
========================================================================
Received Import Request.
  Time since last request: 1754686.121678 seconds.
  path: Assets/OtherGame/__Scripts/BezierMover.cs
  artifactKey: Guid(94d2705835e6e3e47ad6d61f945201b4) Importer(815301076,1909f56bfc062723c751e8b465ee728b)
Start importing Assets/OtherGame/__Scripts/BezierMover.cs using Guid(94d2705835e6e3e47ad6d61f945201b4) Importer(815301076,1909f56bfc062723c751e8b465ee728b)  -> (artifact id: '249151a36e6043a038c3f07c216b0b5b') in 0.060714 seconds 
========================================================================
Received Import Request.
  Time since last request: 266.382500 seconds.
  path: Assets/OtherGame/__Scripts/Utils.cs
  artifactKey: Guid(0dc3c494bd588a14f8a28746ad142dd9) Importer(815301076,1909f56bfc062723c751e8b465ee728b)
Start importing Assets/OtherGame/__Scripts/Utils.cs using Guid(0dc3c494bd588a14f8a28746ad142dd9) Importer(815301076,1909f56bfc062723c751e8b465ee728b)  -> (artifact id: '5f4c36e3d4dfaadaaeeb6eb6e93cbefd') in 0.001906 seconds 
========================================================================
Received Import Request.
  Time since last request: 87.471153 seconds.
  path: Assets/OtherGame/__Scripts/Utils.cs
  artifactKey: Guid(0dc3c494bd588a14f8a28746ad142dd9) Importer(815301076,1909f56bfc062723c751e8b465ee728b)
Start importing Assets/OtherGame/__Scripts/Utils.cs using Guid(0dc3c494bd588a14f8a28746ad142dd9) Importer(815301076,1909f56bfc062723c751e8b465ee728b)  -> (artifact id: '2fab7447d063954d86b821dfad3a8de3') in 0.002526 seconds 
========================================================================
Received Import Request.
  Time since last request: 2.079367 seconds.
  path: Assets/OtherGame/__Scripts/Card.cs
  artifactKey: Guid(d2e941f43a1d3b946810fa88df78959d) Importer(815301076,1909f56bfc062723c751e8b465ee728b)
Start importing Assets/OtherGame/__Scripts/Card.cs using Guid(d2e941f43a1d3b946810fa88df78959d) Importer(815301076,1909f56bfc062723c751e8b465ee728b)  -> (artifact id: '35357ec9960a573d8715d57d28ae4f98') in 0.001522 seconds 
========================================================================
Received Import Request.
  Time since last request: 35.373609 seconds.
  path: Assets/OtherGame/__Scripts/Deck.cs
  artifactKey: Guid(9772ee7fbe5a0824da4fbe6914fd7a6d) Importer(815301076,1909f56bfc062723c751e8b465ee728b)
Start importing Assets/OtherGame/__Scripts/Deck.cs using Guid(9772ee7fbe5a0824da4fbe6914fd7a6d) Importer(815301076,1909f56bfc062723c751e8b465ee728b)  -> (artifact id: 'c97723b19a0f54c32ec79eb81421a6a1') in 0.001362 seconds 
========================================================================
Received Import Request.
  Time since last request: 34.392118 seconds.
  path: Assets/OtherGame/__Scripts/CardSpritesSO.cs
  artifactKey: Guid(fbec1d8ae8c38d540b538bd29ec1850d) Importer(815301076,1909f56bfc062723c751e8b465ee728b)
Start importing Assets/OtherGame/__Scripts/CardSpritesSO.cs using Guid(fbec1d8ae8c38d540b538bd29ec1850d) Importer(815301076,1909f56bfc062723c751e8b465ee728b)  -> (artifact id: '992c86455d43db756e1dd1be785de5fc') in 0.001418 seconds 
========================================================================
Received Import Request.
  Time since last request: 45.370656 seconds.
  path: Assets/OtherGame/__Scripts/CardSpritesSO.cs
  artifactKey: Guid(fbec1d8ae8c38d540b538bd29ec1850d) Importer(815301076,1909f56bfc062723c751e8b465ee728b)
Start importing Assets/OtherGame/__Scripts/CardSpritesSO.cs using Guid(fbec1d8ae8c38d540b538bd29ec1850d) Importer(815301076,1909f56bfc062723c751e8b465ee728b)  -> (artifact id: 'd439613ea50fbc72792b08aee3504054') in 0.002846 seconds 
========================================================================
Received Import Request.
  Time since last request: 9.074643 seconds.
  path: Assets/OtherGame/__Scripts/CardProspector.cs
  artifactKey: Guid(35fb50255550a444481158b0d6649d8c) Importer(815301076,1909f56bfc062723c751e8b465ee728b)
Start importing Assets/OtherGame/__Scripts/CardProspector.cs using Guid(35fb50255550a444481158b0d6649d8c) Importer(815301076,1909f56bfc062723c751e8b465ee728b)  -> (artifact id: '8aa442ab68b39004586de2b4f9954c9c') in 0.001768 seconds 
========================================================================
Received Import Request.
  Time since last request: 21.646299 seconds.
  path: Assets/OtherGame/__Scripts/Prospector.cs
  artifactKey: Guid(67eeea5a2e526004ba506d58004a0a2b) Importer(815301076,1909f56bfc062723c751e8b465ee728b)
Start importing Assets/OtherGame/__Scripts/Prospector.cs using Guid(67eeea5a2e526004ba506d58004a0a2b) Importer(815301076,1909f56bfc062723c751e8b465ee728b)  -> (artifact id: 'b37d0029eb43e61fc0cbe4dd96728995') in 0.008927 seconds 
========================================================================
Received Import Request.
  Time since last request: 42.947745 seconds.
  path: Assets/OtherGame/__Scripts/FloatingScore.cs
  artifactKey: Guid(c7f3d61d200547e449fa3a1792c94a7b) Importer(815301076,1909f56bfc062723c751e8b465ee728b)
Start importing Assets/OtherGame/__Scripts/FloatingScore.cs using Guid(c7f3d61d200547e449fa3a1792c94a7b) Importer(815301076,1909f56bfc062723c751e8b465ee728b)  -> (artifact id: 'b4ebbffc5044fbe2a591d07e7917f15e') in 0.001615 seconds 
========================================================================
Received Import Request.
  Time since last request: 30.185123 seconds.
  path: Assets/OtherGame/__Scripts/ScoreBoard.cs
  artifactKey: Guid(b0fb63c26009d3941b85f5e9090f4a62) Importer(815301076,1909f56bfc062723c751e8b465ee728b)
Start importing Assets/OtherGame/__Scripts/ScoreBoard.cs using Guid(b0fb63c26009d3941b85f5e9090f4a62) Importer(815301076,1909f56bfc062723c751e8b465ee728b)  -> (artifact id: '88535a861a3daf90893c1660a7666288') in 0.001311 seconds 
========================================================================
Received Import Request.
  Time since last request: 1.087525 seconds.
  path: Assets/OtherGame/__Scripts/JsonParseDeck.cs
  artifactKey: Guid(3e1349f68d2782a4981bcdbd2f2a48b5) Importer(815301076,1909f56bfc062723c751e8b465ee728b)
Start importing Assets/OtherGame/__Scripts/JsonParseDeck.cs using Guid(3e1349f68d2782a4981bcdbd2f2a48b5) Importer(815301076,1909f56bfc062723c751e8b465ee728b)  -> (artifact id: '43c7228afffb2dc51542e1dcd5ae0130') in 0.001466 seconds 
========================================================================
Received Import Request.
  Time since last request: 19.068883 seconds.
  path: Assets/OtherGame/__Scripts/JsonParseDeck.cs
  artifactKey: Guid(3e1349f68d2782a4981bcdbd2f2a48b5) Importer(815301076,1909f56bfc062723c751e8b465ee728b)
Start importing Assets/OtherGame/__Scripts/JsonParseDeck.cs using Guid(3e1349f68d2782a4981bcdbd2f2a48b5) Importer(815301076,1909f56bfc062723c751e8b465ee728b)  -> (artifact id: '3f6471913ade10261428e5ef0c6b514e') in 0.001749 seconds 
========================================================================
Received Import Request.
  Time since last request: 0.804020 seconds.
  path: Assets/OtherGame/__Scripts/JsonParseLayout.cs
  artifactKey: Guid(36891469c25a33642a7913e994ba1bee) Importer(815301076,1909f56bfc062723c751e8b465ee728b)
Start importing Assets/OtherGame/__Scripts/JsonParseLayout.cs using Guid(36891469c25a33642a7913e994ba1bee) Importer(815301076,1909f56bfc062723c751e8b465ee728b)  -> (artifact id: 'bbb46d4ba6e38d4a23dcc01d992925b6') in 0.001473 seconds 
========================================================================
Received Import Request.
  Time since last request: 18.968090 seconds.
  path: Assets/OtherGame/__Scripts/JsonParseLayout.cs
  artifactKey: Guid(36891469c25a33642a7913e994ba1bee) Importer(815301076,1909f56bfc062723c751e8b465ee728b)
Start importing Assets/OtherGame/__Scripts/JsonParseLayout.cs using Guid(36891469c25a33642a7913e994ba1bee) Importer(815301076,1909f56bfc062723c751e8b465ee728b)  -> (artifact id: 'f78fa47cc310bc7c03d261f7ac581d90') in 0.001940 seconds 
========================================================================
Received Import Request.
  Time since last request: 39.241602 seconds.
  path: Assets/OtherGame/__Scripts/ScoreBoard.cs
  artifactKey: Guid(b0fb63c26009d3941b85f5e9090f4a62) Importer(815301076,1909f56bfc062723c751e8b465ee728b)
Start importing Assets/OtherGame/__Scripts/ScoreBoard.cs using Guid(b0fb63c26009d3941b85f5e9090f4a62) Importer(815301076,1909f56bfc062723c751e8b465ee728b)  -> (artifact id: '527f7f6c4564c6a3cbbd35f05d9c25ef') in 0.001521 seconds 
========================================================================
Received Import Request.
  Time since last request: 0.703410 seconds.
  path: Assets/OtherGame/__Scripts/ScoreManager.cs
  artifactKey: Guid(dd004dc66b3be5f4b81b5ac0c3adb9c2) Importer(815301076,1909f56bfc062723c751e8b465ee728b)
Start importing Assets/OtherGame/__Scripts/ScoreManager.cs using Guid(dd004dc66b3be5f4b81b5ac0c3adb9c2) Importer(815301076,1909f56bfc062723c751e8b465ee728b)  -> (artifact id: '9756884fca1c9e8a23189759d86289da') in 0.001486 seconds 
========================================================================
Received Import Request.
  Time since last request: 31.496156 seconds.
  path: Assets/OtherGame/__Scripts/ScoreManager.cs
  artifactKey: Guid(dd004dc66b3be5f4b81b5ac0c3adb9c2) Importer(815301076,1909f56bfc062723c751e8b465ee728b)
Start importing Assets/OtherGame/__Scripts/ScoreManager.cs using Guid(dd004dc66b3be5f4b81b5ac0c3adb9c2) Importer(815301076,1909f56bfc062723c751e8b465ee728b)  -> (artifact id: '663ff5efb490b6c8951a5037891df2a4') in 0.001776 seconds 
========================================================================
Received Import Request.
  Time since last request: 1.053474 seconds.
  path: Assets/OtherGame/__Scripts/UITextManager.cs
  artifactKey: Guid(cb278bed100dacf429096359a22e2a26) Importer(815301076,1909f56bfc062723c751e8b465ee728b)
Start importing Assets/OtherGame/__Scripts/UITextManager.cs using Guid(cb278bed100dacf429096359a22e2a26) Importer(815301076,1909f56bfc062723c751e8b465ee728b)  -> (artifact id: 'f1f1d0acdd7d1a462e8edfb846a59e76') in 0.001537 seconds 
========================================================================
Received Prepare
Registering precompiled user dll's ...
Registered in 0.004204 seconds.
Begin MonoManager ReloadAssembly
Native extension for WindowsStandalone target not found
Native extension for WebGL target not found
Refreshing native plugins compatible for Editor in 0.32 ms, found 2 plugins.
Preloading 0 native plugins for Editor in 0.00 ms.
Mono: successfully reloaded assembly
- Completed reload, in  0.942 seconds
Domain Reload Profiling:
	ReloadAssembly (942ms)
		BeginReloadAssembly (133ms)
			ExecutionOrderSort (0ms)
			DisableScriptedObjects (9ms)
			BackupInstance (0ms)
			ReleaseScriptingObjects (0ms)
			CreateAndSetChildDomain (33ms)
		EndReloadAssembly (697ms)
			LoadAssemblies (83ms)
			RebuildTransferFunctionScriptingTraits (0ms)
			SetupTypeCache (210ms)
			ReleaseScriptCaches (1ms)
			RebuildScriptCaches (41ms)
			SetupLoadedEditorAssemblies (313ms)
				LogAssemblyErrors (0ms)
				InitializePlatformSupportModulesInManaged (14ms)
				SetLoadedEditorAssemblies (0ms)
				RefreshPlugins (0ms)
				BeforeProcessingInitializeOnLoad (61ms)
				ProcessInitializeOnLoadAttributes (202ms)
				ProcessInitializeOnLoadMethodAttributes (28ms)
				AfterProcessingInitializeOnLoad (5ms)
				EditorAssembliesLoaded (0ms)
			ExecutionOrderSort2 (0ms)
			AwakeInstancesAfterBackupRestoration (10ms)
Platform modules already initialized, skipping
Refreshing native plugins compatible for Editor in 1.33 ms, found 2 plugins.
Preloading 0 native plugins for Editor in 0.00 ms.
Unloading 1739 Unused Serialized files (Serialized files now loaded: 0)
Unloading 12 unused Assets / (24.6 KB). Loaded Objects now: 2230.
Memory consumption went from 74.9 MB to 74.9 MB.
Total: 2.486000 ms (FindLiveObjects: 0.134000 ms CreateObjectMapping: 0.053100 ms MarkObjects: 2.273500 ms  DeleteObjects: 0.024500 ms)

AssetImportParameters requested are different than current active one (requested -> active):
  custom:video-decoder-ogg-theora: a1e56fd34408186e4bbccfd4996cb3dc -> 
  custom:container-muxer-webm: aa71ff27fc2769a1b78a27578f13a17b -> 
  custom:container-demuxer-webm: 4f35f7cbe854078d1ac9338744f61a02 -> 
  custom:video-encoder-webm-vp8: eb34c28f22e8b96e1ab97ce403110664 -> 
  custom:audio-encoder-webm-vorbis: bf7c407c2cedff20999df2af8eb42d56 -> 
  custom:framework-win-MediaFoundation: 216162199b28c13a410421893ffa2e32 -> 
  custom:container-demuxer-ogg: 62fdf1f143b41e24485cea50d1cbac27 -> 
  custom:video-decoder-webm-vp8: 9c59270c3fd7afecdb556c50c9e8de78 -> 
  custom:audio-decoder-ogg-vorbis: bf7c407c2cedff20999df2af8eb42d56 -> 
========================================================================
Received Import Request.
  Time since last request: 83.504535 seconds.
  path: Assets
  artifactKey: Guid(00000000000000001000000000000000) Importer(815301076,1909f56bfc062723c751e8b465ee728b)
Start importing Assets using Guid(00000000000000001000000000000000) Importer(815301076,1909f56bfc062723c751e8b465ee728b)  -> (artifact id: '79842766b460edbeab6a34051e857a80') in 0.004354 seconds 
========================================================================
Received Import Request.
  Time since last request: 6.306502 seconds.
  path: Assets/Loader.cs
  artifactKey: Guid(93193c8e1d2f1b944847c63737075b3d) Importer(815301076,1909f56bfc062723c751e8b465ee728b)
Start importing Assets/Loader.cs using Guid(93193c8e1d2f1b944847c63737075b3d) Importer(815301076,1909f56bfc062723c751e8b465ee728b)  -> (artifact id: '9f2d45b1145d1ae1ab7551ea3d3fe6c2') in 0.004227 seconds 
========================================================================
Received Prepare
Registering precompiled user dll's ...
Registered in 0.005151 seconds.
Begin MonoManager ReloadAssembly
Native extension for WindowsStandalone target not found
Native extension for WebGL target not found
Refreshing native plugins compatible for Editor in 0.33 ms, found 2 plugins.
Preloading 0 native plugins for Editor in 0.00 ms.
Mono: successfully reloaded assembly
- Completed reload, in  0.902 seconds
Domain Reload Profiling:
	ReloadAssembly (903ms)
		BeginReloadAssembly (125ms)
			ExecutionOrderSort (0ms)
			DisableScriptedObjects (6ms)
			BackupInstance (0ms)
			ReleaseScriptingObjects (0ms)
			CreateAndSetChildDomain (37ms)
		EndReloadAssembly (683ms)
			LoadAssemblies (74ms)
			RebuildTransferFunctionScriptingTraits (0ms)
			SetupTypeCache (199ms)
			ReleaseScriptCaches (1ms)
			RebuildScriptCaches (51ms)
			SetupLoadedEditorAssemblies (310ms)
				LogAssemblyErrors (0ms)
				InitializePlatformSupportModulesInManaged (13ms)
				SetLoadedEditorAssemblies (0ms)
				RefreshPlugins (0ms)
				BeforeProcessingInitializeOnLoad (48ms)
				ProcessInitializeOnLoadAttributes (214ms)
				ProcessInitializeOnLoadMethodAttributes (30ms)
				AfterProcessingInitializeOnLoad (3ms)
				EditorAssembliesLoaded (0ms)
			ExecutionOrderSort2 (0ms)
			AwakeInstancesAfterBackupRestoration (9ms)
Platform modules already initialized, skipping
Refreshing native plugins compatible for Editor in 1.41 ms, found 2 plugins.
Preloading 0 native plugins for Editor in 0.00 ms.
Unloading 1740 Unused Serialized files (Serialized files now loaded: 0)
Unloading 12 unused Assets / (24.7 KB). Loaded Objects now: 2234.
Memory consumption went from 74.9 MB to 74.9 MB.
Total: 2.563000 ms (FindLiveObjects: 0.133200 ms CreateObjectMapping: 0.053600 ms MarkObjects: 2.359700 ms  DeleteObjects: 0.015800 ms)

AssetImportParameters requested are different than current active one (requested -> active):
  custom:video-decoder-ogg-theora: a1e56fd34408186e4bbccfd4996cb3dc -> 
  custom:container-muxer-webm: aa71ff27fc2769a1b78a27578f13a17b -> 
  custom:container-demuxer-webm: 4f35f7cbe854078d1ac9338744f61a02 -> 
  custom:video-encoder-webm-vp8: eb34c28f22e8b96e1ab97ce403110664 -> 
  custom:audio-encoder-webm-vorbis: bf7c407c2cedff20999df2af8eb42d56 -> 
  custom:framework-win-MediaFoundation: 216162199b28c13a410421893ffa2e32 -> 
  custom:container-demuxer-ogg: 62fdf1f143b41e24485cea50d1cbac27 -> 
  custom:video-decoder-webm-vp8: 9c59270c3fd7afecdb556c50c9e8de78 -> 
  custom:audio-decoder-ogg-vorbis: bf7c407c2cedff20999df2af8eb42d56 -> 
========================================================================
Received Import Request.
  Time since last request: 67.012299 seconds.
  path: Assets/OtherGame/__Prospector_Scene_0.unity
  artifactKey: Guid(1b4962102480a6e46ae3b83c5f9ca791) Importer(815301076,1909f56bfc062723c751e8b465ee728b)
Start importing Assets/OtherGame/__Prospector_Scene_0.unity using Guid(1b4962102480a6e46ae3b83c5f9ca791) Importer(815301076,1909f56bfc062723c751e8b465ee728b)  -> (artifact id: 'e3b01782df2a6f8f498e1ec877dba75b') in 0.004405 seconds 
========================================================================
Received Import Request.
  Time since last request: 15.711358 seconds.
  path: Assets/Prospector/__Pyramid_Scene_0.unity
  artifactKey: Guid(e7876eae655084f8d9b344b33478f0fa) Importer(815301076,1909f56bfc062723c751e8b465ee728b)
Start importing Assets/Prospector/__Pyramid_Scene_0.unity using Guid(e7876eae655084f8d9b344b33478f0fa) Importer(815301076,1909f56bfc062723c751e8b465ee728b)  -> (artifact id: '1ae3ba31c997df3776da055d228e03cc') in 0.001590 seconds 
========================================================================
Received Import Request.
  Time since last request: 9.479057 seconds.
  path: Assets/Prospector/IGDPD Prospector Layout.wlt
  artifactKey: Guid(37c2a50281d114b65becc1969c81dfb5) Importer(815301076,1909f56bfc062723c751e8b465ee728b)
Start importing Assets/Prospector/IGDPD Prospector Layout.wlt using Guid(37c2a50281d114b65becc1969c81dfb5) Importer(815301076,1909f56bfc062723c751e8b465ee728b)  -> (artifact id: '9128b05982227704d764519375c87cd9') in 0.014416 seconds 
========================================================================
Received Prepare
Registering precompiled user dll's ...
Registered in 0.004354 seconds.
Begin MonoManager ReloadAssembly
Native extension for WindowsStandalone target not found
Native extension for WebGL target not found
Refreshing native plugins compatible for Editor in 0.35 ms, found 2 plugins.
Preloading 0 native plugins for Editor in 0.00 ms.
Mono: successfully reloaded assembly
- Completed reload, in  0.945 seconds
Domain Reload Profiling:
	ReloadAssembly (946ms)
		BeginReloadAssembly (129ms)
			ExecutionOrderSort (0ms)
			DisableScriptedObjects (7ms)
			BackupInstance (0ms)
			ReleaseScriptingObjects (0ms)
			CreateAndSetChildDomain (34ms)
		EndReloadAssembly (696ms)
			LoadAssemblies (76ms)
			RebuildTransferFunctionScriptingTraits (0ms)
			SetupTypeCache (235ms)
			ReleaseScriptCaches (1ms)
			RebuildScriptCaches (38ms)
			SetupLoadedEditorAssemblies (296ms)
				LogAssemblyErrors (0ms)
				InitializePlatformSupportModulesInManaged (13ms)
				SetLoadedEditorAssemblies (0ms)
				RefreshPlugins (0ms)
				BeforeProcessingInitializeOnLoad (48ms)
				ProcessInitializeOnLoadAttributes (203ms)
				ProcessInitializeOnLoadMethodAttributes (27ms)
				AfterProcessingInitializeOnLoad (4ms)
				EditorAssembliesLoaded (0ms)
			ExecutionOrderSort2 (0ms)
			AwakeInstancesAfterBackupRestoration (10ms)
Platform modules already initialized, skipping
Refreshing native plugins compatible for Editor in 1.63 ms, found 2 plugins.
Preloading 0 native plugins for Editor in 0.00 ms.
Unloading 1740 Unused Serialized files (Serialized files now loaded: 0)
Unloading 12 unused Assets / (24.6 KB). Loaded Objects now: 2238.
Memory consumption went from 74.9 MB to 74.9 MB.
Total: 3.060800 ms (FindLiveObjects: 0.149900 ms CreateObjectMapping: 0.065600 ms MarkObjects: 2.820800 ms  DeleteObjects: 0.023300 ms)

AssetImportParameters requested are different than current active one (requested -> active):
  custom:video-decoder-ogg-theora: a1e56fd34408186e4bbccfd4996cb3dc -> 
  custom:container-muxer-webm: aa71ff27fc2769a1b78a27578f13a17b -> 
  custom:container-demuxer-webm: 4f35f7cbe854078d1ac9338744f61a02 -> 
  custom:video-encoder-webm-vp8: eb34c28f22e8b96e1ab97ce403110664 -> 
  custom:audio-encoder-webm-vorbis: bf7c407c2cedff20999df2af8eb42d56 -> 
  custom:framework-win-MediaFoundation: 216162199b28c13a410421893ffa2e32 -> 
  custom:container-demuxer-ogg: 62fdf1f143b41e24485cea50d1cbac27 -> 
  custom:video-decoder-webm-vp8: 9c59270c3fd7afecdb556c50c9e8de78 -> 
  custom:audio-decoder-ogg-vorbis: bf7c407c2cedff20999df2af8eb42d56 -> 
========================================================================
Received Prepare
Registering precompiled user dll's ...
Registered in 0.003850 seconds.
Begin MonoManager ReloadAssembly
Native extension for WindowsStandalone target not found
Native extension for WebGL target not found
Refreshing native plugins compatible for Editor in 0.35 ms, found 2 plugins.
Preloading 0 native plugins for Editor in 0.00 ms.
Mono: successfully reloaded assembly
- Completed reload, in  1.029 seconds
Domain Reload Profiling:
	ReloadAssembly (1030ms)
		BeginReloadAssembly (218ms)
			ExecutionOrderSort (0ms)
			DisableScriptedObjects (6ms)
			BackupInstance (0ms)
			ReleaseScriptingObjects (0ms)
			CreateAndSetChildDomain (29ms)
		EndReloadAssembly (719ms)
			LoadAssemblies (174ms)
			RebuildTransferFunctionScriptingTraits (0ms)
			SetupTypeCache (194ms)
			ReleaseScriptCaches (1ms)
			RebuildScriptCaches (40ms)
			SetupLoadedEditorAssemblies (363ms)
				LogAssemblyErrors (0ms)
				InitializePlatformSupportModulesInManaged (13ms)
				SetLoadedEditorAssemblies (0ms)
				RefreshPlugins (0ms)
				BeforeProcessingInitializeOnLoad (54ms)
				ProcessInitializeOnLoadAttributes (256ms)
				ProcessInitializeOnLoadMethodAttributes (35ms)
				AfterProcessingInitializeOnLoad (4ms)
				EditorAssembliesLoaded (0ms)
			ExecutionOrderSort2 (0ms)
			AwakeInstancesAfterBackupRestoration (11ms)
Platform modules already initialized, skipping
Refreshing native plugins compatible for Editor in 1.91 ms, found 2 plugins.
Preloading 0 native plugins for Editor in 0.00 ms.
Unloading 1740 Unused Serialized files (Serialized files now loaded: 0)
Unloading 12 unused Assets / (24.6 KB). Loaded Objects now: 2241.
Memory consumption went from 74.9 MB to 74.9 MB.
Total: 2.884300 ms (FindLiveObjects: 0.157400 ms CreateObjectMapping: 0.063200 ms MarkObjects: 2.625600 ms  DeleteObjects: 0.036700 ms)

AssetImportParameters requested are different than current active one (requested -> active):
  custom:video-decoder-ogg-theora: a1e56fd34408186e4bbccfd4996cb3dc -> 
  custom:container-muxer-webm: aa71ff27fc2769a1b78a27578f13a17b -> 
  custom:container-demuxer-webm: 4f35f7cbe854078d1ac9338744f61a02 -> 
  custom:video-encoder-webm-vp8: eb34c28f22e8b96e1ab97ce403110664 -> 
  custom:audio-encoder-webm-vorbis: bf7c407c2cedff20999df2af8eb42d56 -> 
  custom:framework-win-MediaFoundation: 216162199b28c13a410421893ffa2e32 -> 
  custom:container-demuxer-ogg: 62fdf1f143b41e24485cea50d1cbac27 -> 
  custom:video-decoder-webm-vp8: 9c59270c3fd7afecdb556c50c9e8de78 -> 
  custom:audio-decoder-ogg-vorbis: bf7c407c2cedff20999df2af8eb42d56 -> 
========================================================================
Received Import Request.
  Time since last request: 146.690490 seconds.
  path: Assets/mainScene.unity
  artifactKey: Guid(f126f207300ec4022bbd7d71b769f57c) Importer(815301076,1909f56bfc062723c751e8b465ee728b)
Start importing Assets/mainScene.unity using Guid(f126f207300ec4022bbd7d71b769f57c) Importer(815301076,1909f56bfc062723c751e8b465ee728b)  -> (artifact id: 'a1d169759657980b269f9dfb052f78ff') in 0.004612 seconds 
========================================================================
Received Prepare
Registering precompiled user dll's ...
Registered in 0.004450 seconds.
Begin MonoManager ReloadAssembly
Native extension for WindowsStandalone target not found
Native extension for WebGL target not found
Refreshing native plugins compatible for Editor in 0.46 ms, found 2 plugins.
Preloading 0 native plugins for Editor in 0.00 ms.
Mono: successfully reloaded assembly
- Completed reload, in  0.909 seconds
Domain Reload Profiling:
	ReloadAssembly (910ms)
		BeginReloadAssembly (113ms)
			ExecutionOrderSort (0ms)
			DisableScriptedObjects (6ms)
			BackupInstance (0ms)
			ReleaseScriptingObjects (0ms)
			CreateAndSetChildDomain (29ms)
		EndReloadAssembly (706ms)
			LoadAssemblies (72ms)
			RebuildTransferFunctionScriptingTraits (0ms)
			SetupTypeCache (182ms)
			ReleaseScriptCaches (1ms)
			RebuildScriptCaches (37ms)
			SetupLoadedEditorAssemblies (362ms)
				LogAssemblyErrors (0ms)
				InitializePlatformSupportModulesInManaged (14ms)
				SetLoadedEditorAssemblies (1ms)
				RefreshPlugins (1ms)
				BeforeProcessingInitializeOnLoad (51ms)
				ProcessInitializeOnLoadAttributes (255ms)
				ProcessInitializeOnLoadMethodAttributes (37ms)
				AfterProcessingInitializeOnLoad (4ms)
				EditorAssembliesLoaded (0ms)
			ExecutionOrderSort2 (0ms)
			AwakeInstancesAfterBackupRestoration (11ms)
Platform modules already initialized, skipping
Refreshing native plugins compatible for Editor in 1.73 ms, found 2 plugins.
Preloading 0 native plugins for Editor in 0.00 ms.
Unloading 1740 Unused Serialized files (Serialized files now loaded: 0)
Unloading 12 unused Assets / (24.7 KB). Loaded Objects now: 2244.
Memory consumption went from 75.0 MB to 74.9 MB.
Total: 5.133900 ms (FindLiveObjects: 0.232100 ms CreateObjectMapping: 0.119200 ms MarkObjects: 4.757200 ms  DeleteObjects: 0.024100 ms)

AssetImportParameters requested are different than current active one (requested -> active):
  custom:video-decoder-ogg-theora: a1e56fd34408186e4bbccfd4996cb3dc -> 
  custom:container-muxer-webm: aa71ff27fc2769a1b78a27578f13a17b -> 
  custom:container-demuxer-webm: 4f35f7cbe854078d1ac9338744f61a02 -> 
  custom:video-encoder-webm-vp8: eb34c28f22e8b96e1ab97ce403110664 -> 
  custom:audio-encoder-webm-vorbis: bf7c407c2cedff20999df2af8eb42d56 -> 
  custom:framework-win-MediaFoundation: 216162199b28c13a410421893ffa2e32 -> 
  custom:container-demuxer-ogg: 62fdf1f143b41e24485cea50d1cbac27 -> 
  custom:video-decoder-webm-vp8: 9c59270c3fd7afecdb556c50c9e8de78 -> 
  custom:audio-decoder-ogg-vorbis: bf7c407c2cedff20999df2af8eb42d56 -> 
========================================================================
Received Prepare
Registering precompiled user dll's ...
Registered in 0.005028 seconds.
Begin MonoManager ReloadAssembly
Native extension for WindowsStandalone target not found
Native extension for WebGL target not found
Refreshing native plugins compatible for Editor in 0.34 ms, found 2 plugins.
Preloading 0 native plugins for Editor in 0.00 ms.
Mono: successfully reloaded assembly
- Completed reload, in  0.909 seconds
Domain Reload Profiling:
	ReloadAssembly (910ms)
		BeginReloadAssembly (117ms)
			ExecutionOrderSort (0ms)
			DisableScriptedObjects (6ms)
			BackupInstance (0ms)
			ReleaseScriptingObjects (0ms)
			CreateAndSetChildDomain (28ms)
		EndReloadAssembly (696ms)
			LoadAssemblies (73ms)
			RebuildTransferFunctionScriptingTraits (0ms)
			SetupTypeCache (176ms)
			ReleaseScriptCaches (1ms)
			RebuildScriptCaches (44ms)
			SetupLoadedEditorAssemblies (355ms)
				LogAssemblyErrors (0ms)
				InitializePlatformSupportModulesInManaged (15ms)
				SetLoadedEditorAssemblies (0ms)
				RefreshPlugins (0ms)
				BeforeProcessingInitializeOnLoad (48ms)
				ProcessInitializeOnLoadAttributes (246ms)
				ProcessInitializeOnLoadMethodAttributes (40ms)
				AfterProcessingInitializeOnLoad (5ms)
				EditorAssembliesLoaded (0ms)
			ExecutionOrderSort2 (0ms)
			AwakeInstancesAfterBackupRestoration (10ms)
Platform modules already initialized, skipping
Refreshing native plugins compatible for Editor in 1.56 ms, found 2 plugins.
Preloading 0 native plugins for Editor in 0.00 ms.
Unloading 1740 Unused Serialized files (Serialized files now loaded: 0)
Unloading 12 unused Assets / (24.6 KB). Loaded Objects now: 2247.
Memory consumption went from 75.0 MB to 74.9 MB.
Total: 2.734800 ms (FindLiveObjects: 0.152200 ms CreateObjectMapping: 0.065100 ms MarkObjects: 2.497700 ms  DeleteObjects: 0.018800 ms)

AssetImportParameters requested are different than current active one (requested -> active):
  custom:video-decoder-ogg-theora: a1e56fd34408186e4bbccfd4996cb3dc -> 
  custom:container-muxer-webm: aa71ff27fc2769a1b78a27578f13a17b -> 
  custom:container-demuxer-webm: 4f35f7cbe854078d1ac9338744f61a02 -> 
  custom:video-encoder-webm-vp8: eb34c28f22e8b96e1ab97ce403110664 -> 
  custom:audio-encoder-webm-vorbis: bf7c407c2cedff20999df2af8eb42d56 -> 
  custom:framework-win-MediaFoundation: 216162199b28c13a410421893ffa2e32 -> 
  custom:container-demuxer-ogg: 62fdf1f143b41e24485cea50d1cbac27 -> 
  custom:video-decoder-webm-vp8: 9c59270c3fd7afecdb556c50c9e8de78 -> 
  custom:audio-decoder-ogg-vorbis: bf7c407c2cedff20999df2af8eb42d56 -> 
========================================================================
Received Prepare
Registering precompiled user dll's ...
Registered in 0.003981 seconds.
Begin MonoManager ReloadAssembly
Native extension for WindowsStandalone target not found
Native extension for WebGL target not found
Refreshing native plugins compatible for Editor in 0.35 ms, found 2 plugins.
Preloading 0 native plugins for Editor in 0.00 ms.
Mono: successfully reloaded assembly
- Completed reload, in  0.983 seconds
Domain Reload Profiling:
	ReloadAssembly (984ms)
		BeginReloadAssembly (118ms)
			ExecutionOrderSort (0ms)
			DisableScriptedObjects (6ms)
			BackupInstance (0ms)
			ReleaseScriptingObjects (0ms)
			CreateAndSetChildDomain (29ms)
		EndReloadAssembly (769ms)
			LoadAssemblies (75ms)
			RebuildTransferFunctionScriptingTraits (0ms)
			SetupTypeCache (187ms)
			ReleaseScriptCaches (1ms)
			RebuildScriptCaches (43ms)
			SetupLoadedEditorAssemblies (399ms)
				LogAssemblyErrors (0ms)
				InitializePlatformSupportModulesInManaged (13ms)
				SetLoadedEditorAssemblies (0ms)
				RefreshPlugins (0ms)
				BeforeProcessingInitializeOnLoad (46ms)
				ProcessInitializeOnLoadAttributes (285ms)
				ProcessInitializeOnLoadMethodAttributes (47ms)
				AfterProcessingInitializeOnLoad (6ms)
				EditorAssembliesLoaded (0ms)
			ExecutionOrderSort2 (0ms)
			AwakeInstancesAfterBackupRestoration (15ms)
Platform modules already initialized, skipping
Refreshing native plugins compatible for Editor in 2.69 ms, found 2 plugins.
Preloading 0 native plugins for Editor in 0.00 ms.
Unloading 1740 Unused Serialized files (Serialized files now loaded: 0)
Unloading 12 unused Assets / (24.6 KB). Loaded Objects now: 2250.
Memory consumption went from 75.0 MB to 74.9 MB.
Total: 3.970900 ms (FindLiveObjects: 0.199500 ms CreateObjectMapping: 0.128300 ms MarkObjects: 3.604500 ms  DeleteObjects: 0.037100 ms)

AssetImportParameters requested are different than current active one (requested -> active):
  custom:video-decoder-ogg-theora: a1e56fd34408186e4bbccfd4996cb3dc -> 
  custom:container-muxer-webm: aa71ff27fc2769a1b78a27578f13a17b -> 
  custom:container-demuxer-webm: 4f35f7cbe854078d1ac9338744f61a02 -> 
  custom:video-encoder-webm-vp8: eb34c28f22e8b96e1ab97ce403110664 -> 
  custom:audio-encoder-webm-vorbis: bf7c407c2cedff20999df2af8eb42d56 -> 
  custom:framework-win-MediaFoundation: 216162199b28c13a410421893ffa2e32 -> 
  custom:container-demuxer-ogg: 62fdf1f143b41e24485cea50d1cbac27 -> 
  custom:video-decoder-webm-vp8: 9c59270c3fd7afecdb556c50c9e8de78 -> 
  custom:audio-decoder-ogg-vorbis: bf7c407c2cedff20999df2af8eb42d56 -> 
========================================================================
Received Prepare
Registering precompiled user dll's ...
Registered in 0.005392 seconds.
Begin MonoManager ReloadAssembly
Native extension for WindowsStandalone target not found
Native extension for WebGL target not found
Refreshing native plugins compatible for Editor in 0.38 ms, found 2 plugins.
Preloading 0 native plugins for Editor in 0.00 ms.
Mono: successfully reloaded assembly
- Completed reload, in  1.029 seconds
Domain Reload Profiling:
	ReloadAssembly (1030ms)
		BeginReloadAssembly (114ms)
			ExecutionOrderSort (0ms)
			DisableScriptedObjects (6ms)
			BackupInstance (0ms)
			ReleaseScriptingObjects (0ms)
			CreateAndSetChildDomain (27ms)
		EndReloadAssembly (821ms)
			LoadAssemblies (72ms)
			RebuildTransferFunctionScriptingTraits (0ms)
			SetupTypeCache (181ms)
			ReleaseScriptCaches (1ms)
			RebuildScriptCaches (43ms)
			SetupLoadedEditorAssemblies (454ms)
				LogAssemblyErrors (0ms)
				InitializePlatformSupportModulesInManaged (15ms)
				SetLoadedEditorAssemblies (1ms)
				RefreshPlugins (0ms)
				BeforeProcessingInitializeOnLoad (56ms)
				ProcessInitializeOnLoadAttributes (326ms)
				ProcessInitializeOnLoadMethodAttributes (49ms)
				AfterProcessingInitializeOnLoad (6ms)
				EditorAssembliesLoaded (0ms)
			ExecutionOrderSort2 (0ms)
			AwakeInstancesAfterBackupRestoration (16ms)
Platform modules already initialized, skipping
Refreshing native plugins compatible for Editor in 2.39 ms, found 2 plugins.
Preloading 0 native plugins for Editor in 0.00 ms.
Unloading 1740 Unused Serialized files (Serialized files now loaded: 0)
Unloading 12 unused Assets / (24.6 KB). Loaded Objects now: 2253.
Memory consumption went from 75.0 MB to 75.0 MB.
Total: 3.621300 ms (FindLiveObjects: 0.189600 ms CreateObjectMapping: 0.077900 ms MarkObjects: 3.326400 ms  DeleteObjects: 0.026300 ms)

AssetImportParameters requested are different than current active one (requested -> active):
  custom:video-decoder-ogg-theora: a1e56fd34408186e4bbccfd4996cb3dc -> 
  custom:container-muxer-webm: aa71ff27fc2769a1b78a27578f13a17b -> 
  custom:container-demuxer-webm: 4f35f7cbe854078d1ac9338744f61a02 -> 
  custom:video-encoder-webm-vp8: eb34c28f22e8b96e1ab97ce403110664 -> 
  custom:audio-encoder-webm-vorbis: bf7c407c2cedff20999df2af8eb42d56 -> 
  custom:framework-win-MediaFoundation: 216162199b28c13a410421893ffa2e32 -> 
  custom:container-demuxer-ogg: 62fdf1f143b41e24485cea50d1cbac27 -> 
  custom:video-decoder-webm-vp8: 9c59270c3fd7afecdb556c50c9e8de78 -> 
  custom:audio-decoder-ogg-vorbis: bf7c407c2cedff20999df2af8eb42d56 -> 
